"gcc -o conftest -I/usr/local/include/ruby-2.6.0/x86_64-linux-musl -I/usr/local/include/ruby-2.6.0/ruby/backward -I/usr/local/include/ruby-2.6.0 -I.    -O3 -ggdb3 -Wall -Wextra -Wdeclaration-after-statement -Wdeprecated-declarations -Wduplicated-cond -Wimplicit-function-declaration -Wimplicit-int -Wmisleading-indentation -Wpointer-arith -Wrestrict -Wwrite-strings -Wimplicit-fallthrough=0 -Wmissing-noreturn -Wno-cast-function-type -Wno-constant-logical-operand -Wno-long-long -Wno-missing-field-initializers -Wno-overlength-strings -Wno-packed-bitfield-compat -Wno-parentheses-equality -Wno-self-assign -Wno-tautological-compare -Wno-unused-parameter -Wno-unused-value -Wsuggest-attribute=format -Wsuggest-attribute=noreturn -Wunused-variable  -fPIC conftest.c  -L. -L/usr/local/lib -Wl,-rpath,/usr/local/lib -L. -fstack-protector-strong -rdynamic -Wl,-export-dynamic     -Wl,-rpath,/usr/local/lib -L/usr/local/lib -lruby  -lm   -lc"
checked program was:
/* begin */
1: #include "ruby.h"
2: 
3: int main(int argc, char **argv)
4: {
5:   return 0;
6: }
/* end */

"pkg-config --exists openssl"
package configuration for openssl is not found
have_library: checking for -lcrypto... -------------------- no

"gcc -o conftest -I/usr/local/include/ruby-2.6.0/x86_64-linux-musl -I/usr/local/include/ruby-2.6.0/ruby/backward -I/usr/local/include/ruby-2.6.0 -I.    -O3 -ggdb3 -Wall -Wextra -Wdeclaration-after-statement -Wdeprecated-declarations -Wduplicated-cond -Wimplicit-function-declaration -Wimplicit-int -Wmisleading-indentation -Wpointer-arith -Wrestrict -Wwrite-strings -Wimplicit-fallthrough=0 -Wmissing-noreturn -Wno-cast-function-type -Wno-constant-logical-operand -Wno-long-long -Wno-missing-field-initializers -Wno-overlength-strings -Wno-packed-bitfield-compat -Wno-parentheses-equality -Wno-self-assign -Wno-tautological-compare -Wno-unused-parameter -Wno-unused-value -Wsuggest-attribute=format -Wsuggest-attribute=noreturn -Wunused-variable  -fPIC conftest.c  -L. -L/usr/local/lib -Wl,-rpath,/usr/local/lib -L. -fstack-protector-strong -rdynamic -Wl,-export-dynamic     -Wl,-rpath,/usr/local/lib -L/usr/local/lib -lruby  -lcrypto -lm   -lc"
/usr/lib/gcc/x86_64-alpine-linux-musl/8.3.0/../../../../x86_64-alpine-linux-musl/bin/ld: cannot find -lcrypto
collect2: error: ld returned 1 exit status
checked program was:
/* begin */
 1: #include "ruby.h"
 2: 
 3: /*top*/
 4: extern int t(void);
 5: int main(int argc, char **argv)
 6: {
 7:   if (argc > 1000000) {
 8:     int (* volatile tp)(void)=(int (*)(void))&t;
 9:     printf("%d", (*tp)());
10:   }
11: 
12:   return 0;
13: }
14: 
15: int t(void) { ; return 0; }
/* end */

--------------------

have_header: checking for openssl/ssl.h... -------------------- no

"gcc -E -I/usr/local/include/ruby-2.6.0/x86_64-linux-musl -I/usr/local/include/ruby-2.6.0/ruby/backward -I/usr/local/include/ruby-2.6.0 -I.    -O3 -ggdb3 -Wall -Wextra -Wdeclaration-after-statement -Wdeprecated-declarations -Wduplicated-cond -Wimplicit-function-declaration -Wimplicit-int -Wmisleading-indentation -Wpointer-arith -Wrestrict -Wwrite-strings -Wimplicit-fallthrough=0 -Wmissing-noreturn -Wno-cast-function-type -Wno-constant-logical-operand -Wno-long-long -Wno-missing-field-initializers -Wno-overlength-strings -Wno-packed-bitfield-compat -Wno-parentheses-equality -Wno-self-assign -Wno-tautological-compare -Wno-unused-parameter -Wno-unused-value -Wsuggest-attribute=format -Wsuggest-attribute=noreturn -Wunused-variable  -fPIC  conftest.c -o conftest.i"
conftest.c:3:10: fatal error: openssl/ssl.h: No such file or directory
 #include <openssl/ssl.h>
          ^~~~~~~~~~~~~~~
compilation terminated.
checked program was:
/* begin */
1: #include "ruby.h"
2: 
3: #include <openssl/ssl.h>
/* end */

--------------------

have_library: checking for -lcrypto... -------------------- no

"gcc -o conftest -I/usr/local/include/ruby-2.6.0/x86_64-linux-musl -I/usr/local/include/ruby-2.6.0/ruby/backward -I/usr/local/include/ruby-2.6.0 -I. -I/usr/local/include    -O3 -ggdb3 -Wall -Wextra -Wdeclaration-after-statement -Wdeprecated-declarations -Wduplicated-cond -Wimplicit-function-declaration -Wimplicit-int -Wmisleading-indentation -Wpointer-arith -Wrestrict -Wwrite-strings -Wimplicit-fallthrough=0 -Wmissing-noreturn -Wno-cast-function-type -Wno-constant-logical-operand -Wno-long-long -Wno-missing-field-initializers -Wno-overlength-strings -Wno-packed-bitfield-compat -Wno-parentheses-equality -Wno-self-assign -Wno-tautological-compare -Wno-unused-parameter -Wno-unused-value -Wsuggest-attribute=format -Wsuggest-attribute=noreturn -Wunused-variable  -fPIC conftest.c  -L. -L/usr/local/lib -Wl,-rpath,/usr/local/lib -L/usr/local/lib -Wl,-rpath,/usr/local/lib -L. -fstack-protector-strong -rdynamic -Wl,-export-dynamic     -Wl,-rpath,/usr/local/lib -L/usr/local/lib -lruby  -lcrypto -lm   -lc"
/usr/lib/gcc/x86_64-alpine-linux-musl/8.3.0/../../../../x86_64-alpine-linux-musl/bin/ld: cannot find -lcrypto
collect2: error: ld returned 1 exit status
checked program was:
/* begin */
 1: #include "ruby.h"
 2: 
 3: /*top*/
 4: extern int t(void);
 5: int main(int argc, char **argv)
 6: {
 7:   if (argc > 1000000) {
 8:     int (* volatile tp)(void)=(int (*)(void))&t;
 9:     printf("%d", (*tp)());
10:   }
11: 
12:   return 0;
13: }
14: 
15: int t(void) { ; return 0; }
/* end */

--------------------

have_header: checking for openssl/ssl.h... -------------------- no

"gcc -E -I/usr/local/include/ruby-2.6.0/x86_64-linux-musl -I/usr/local/include/ruby-2.6.0/ruby/backward -I/usr/local/include/ruby-2.6.0 -I. -I/usr/local/include    -O3 -ggdb3 -Wall -Wextra -Wdeclaration-after-statement -Wdeprecated-declarations -Wduplicated-cond -Wimplicit-function-declaration -Wimplicit-int -Wmisleading-indentation -Wpointer-arith -Wrestrict -Wwrite-strings -Wimplicit-fallthrough=0 -Wmissing-noreturn -Wno-cast-function-type -Wno-constant-logical-operand -Wno-long-long -Wno-missing-field-initializers -Wno-overlength-strings -Wno-packed-bitfield-compat -Wno-parentheses-equality -Wno-self-assign -Wno-tautological-compare -Wno-unused-parameter -Wno-unused-value -Wsuggest-attribute=format -Wsuggest-attribute=noreturn -Wunused-variable  -fPIC  conftest.c -o conftest.i"
conftest.c:3:10: fatal error: openssl/ssl.h: No such file or directory
 #include <openssl/ssl.h>
          ^~~~~~~~~~~~~~~
compilation terminated.
checked program was:
/* begin */
1: #include "ruby.h"
2: 
3: #include <openssl/ssl.h>
/* end */

--------------------

have_library: checking for -lcrypto... -------------------- no

"gcc -o conftest -I/usr/local/include/ruby-2.6.0/x86_64-linux-musl -I/usr/local/include/ruby-2.6.0/ruby/backward -I/usr/local/include/ruby-2.6.0 -I. -I/opt/local/include -I/usr/local/include    -O3 -ggdb3 -Wall -Wextra -Wdeclaration-after-statement -Wdeprecated-declarations -Wduplicated-cond -Wimplicit-function-declaration -Wimplicit-int -Wmisleading-indentation -Wpointer-arith -Wrestrict -Wwrite-strings -Wimplicit-fallthrough=0 -Wmissing-noreturn -Wno-cast-function-type -Wno-constant-logical-operand -Wno-long-long -Wno-missing-field-initializers -Wno-overlength-strings -Wno-packed-bitfield-compat -Wno-parentheses-equality -Wno-self-assign -Wno-tautological-compare -Wno-unused-parameter -Wno-unused-value -Wsuggest-attribute=format -Wsuggest-attribute=noreturn -Wunused-variable  -fPIC conftest.c  -L. -L/usr/local/lib -Wl,-rpath,/usr/local/lib -L/opt/local/lib -Wl,-rpath,/opt/local/lib -L/usr/local/lib -Wl,-rpath,/usr/local/lib -L. -fstack-protector-strong -rdynamic -Wl,-export-dynamic     -Wl,-rpath,/usr/local/lib -L/usr/local/lib -lruby  -lcrypto -lm   -lc"
/usr/lib/gcc/x86_64-alpine-linux-musl/8.3.0/../../../../x86_64-alpine-linux-musl/bin/ld: cannot find -lcrypto
collect2: error: ld returned 1 exit status
checked program was:
/* begin */
 1: #include "ruby.h"
 2: 
 3: /*top*/
 4: extern int t(void);
 5: int main(int argc, char **argv)
 6: {
 7:   if (argc > 1000000) {
 8:     int (* volatile tp)(void)=(int (*)(void))&t;
 9:     printf("%d", (*tp)());
10:   }
11: 
12:   return 0;
13: }
14: 
15: int t(void) { ; return 0; }
/* end */

--------------------

have_header: checking for openssl/ssl.h... -------------------- no

"gcc -E -I/usr/local/include/ruby-2.6.0/x86_64-linux-musl -I/usr/local/include/ruby-2.6.0/ruby/backward -I/usr/local/include/ruby-2.6.0 -I. -I/opt/local/include -I/usr/local/include    -O3 -ggdb3 -Wall -Wextra -Wdeclaration-after-statement -Wdeprecated-declarations -Wduplicated-cond -Wimplicit-function-declaration -Wimplicit-int -Wmisleading-indentation -Wpointer-arith -Wrestrict -Wwrite-strings -Wimplicit-fallthrough=0 -Wmissing-noreturn -Wno-cast-function-type -Wno-constant-logical-operand -Wno-long-long -Wno-missing-field-initializers -Wno-overlength-strings -Wno-packed-bitfield-compat -Wno-parentheses-equality -Wno-self-assign -Wno-tautological-compare -Wno-unused-parameter -Wno-unused-value -Wsuggest-attribute=format -Wsuggest-attribute=noreturn -Wunused-variable  -fPIC  conftest.c -o conftest.i"
conftest.c:3:10: fatal error: openssl/ssl.h: No such file or directory
 #include <openssl/ssl.h>
          ^~~~~~~~~~~~~~~
compilation terminated.
checked program was:
/* begin */
1: #include "ruby.h"
2: 
3: #include <openssl/ssl.h>
/* end */

--------------------

have_library: checking for -lcrypto... -------------------- no

"gcc -o conftest -I/usr/local/include/ruby-2.6.0/x86_64-linux-musl -I/usr/local/include/ruby-2.6.0/ruby/backward -I/usr/local/include/ruby-2.6.0 -I. -I/usr/local/opt/openssl/include -I/opt/local/include -I/usr/local/include    -O3 -ggdb3 -Wall -Wextra -Wdeclaration-after-statement -Wdeprecated-declarations -Wduplicated-cond -Wimplicit-function-declaration -Wimplicit-int -Wmisleading-indentation -Wpointer-arith -Wrestrict -Wwrite-strings -Wimplicit-fallthrough=0 -Wmissing-noreturn -Wno-cast-function-type -Wno-constant-logical-operand -Wno-long-long -Wno-missing-field-initializers -Wno-overlength-strings -Wno-packed-bitfield-compat -Wno-parentheses-equality -Wno-self-assign -Wno-tautological-compare -Wno-unused-parameter -Wno-unused-value -Wsuggest-attribute=format -Wsuggest-attribute=noreturn -Wunused-variable  -fPIC conftest.c  -L. -L/usr/local/lib -Wl,-rpath,/usr/local/lib -L/usr/local/opt/openssl/lib -Wl,-rpath,/usr/local/opt/openssl/lib -L/opt/local/lib -Wl,-rpath,/opt/local/lib -L/usr/local/lib -Wl,-rpath,/usr/local/lib -L. -fstack-protector-strong -rdynamic -Wl,-export-dynamic     -Wl,-rpath,/usr/local/lib -L/usr/local/lib -lruby  -lcrypto -lm   -lc"
/usr/lib/gcc/x86_64-alpine-linux-musl/8.3.0/../../../../x86_64-alpine-linux-musl/bin/ld: cannot find -lcrypto
collect2: error: ld returned 1 exit status
checked program was:
/* begin */
 1: #include "ruby.h"
 2: 
 3: /*top*/
 4: extern int t(void);
 5: int main(int argc, char **argv)
 6: {
 7:   if (argc > 1000000) {
 8:     int (* volatile tp)(void)=(int (*)(void))&t;
 9:     printf("%d", (*tp)());
10:   }
11: 
12:   return 0;
13: }
14: 
15: int t(void) { ; return 0; }
/* end */

--------------------

have_header: checking for openssl/ssl.h... -------------------- no

"gcc -E -I/usr/local/include/ruby-2.6.0/x86_64-linux-musl -I/usr/local/include/ruby-2.6.0/ruby/backward -I/usr/local/include/ruby-2.6.0 -I. -I/usr/local/opt/openssl/include -I/opt/local/include -I/usr/local/include    -O3 -ggdb3 -Wall -Wextra -Wdeclaration-after-statement -Wdeprecated-declarations -Wduplicated-cond -Wimplicit-function-declaration -Wimplicit-int -Wmisleading-indentation -Wpointer-arith -Wrestrict -Wwrite-strings -Wimplicit-fallthrough=0 -Wmissing-noreturn -Wno-cast-function-type -Wno-constant-logical-operand -Wno-long-long -Wno-missing-field-initializers -Wno-overlength-strings -Wno-packed-bitfield-compat -Wno-parentheses-equality -Wno-self-assign -Wno-tautological-compare -Wno-unused-parameter -Wno-unused-value -Wsuggest-attribute=format -Wsuggest-attribute=noreturn -Wunused-variable  -fPIC  conftest.c -o conftest.i"
conftest.c:3:10: fatal error: openssl/ssl.h: No such file or directory
 #include <openssl/ssl.h>
          ^~~~~~~~~~~~~~~
compilation terminated.
checked program was:
/* begin */
1: #include "ruby.h"
2: 
3: #include <openssl/ssl.h>
/* end */

--------------------

have_var: checking for rb_trap_immediate in ruby.h,rubysig.h... -------------------- no

"gcc -I/usr/local/include/ruby-2.6.0/x86_64-linux-musl -I/usr/local/include/ruby-2.6.0/ruby/backward -I/usr/local/include/ruby-2.6.0 -I. -I/usr/local/opt/openssl/include -I/opt/local/include -I/usr/local/include    -O3 -ggdb3 -Wall -Wextra -Wdeclaration-after-statement -Wdeprecated-declarations -Wduplicated-cond -Wimplicit-function-declaration -Wimplicit-int -Wmisleading-indentation -Wpointer-arith -Wrestrict -Wwrite-strings -Wimplicit-fallthrough=0 -Wmissing-noreturn -Wno-cast-function-type -Wno-constant-logical-operand -Wno-long-long -Wno-missing-field-initializers -Wno-overlength-strings -Wno-packed-bitfield-compat -Wno-parentheses-equality -Wno-self-assign -Wno-tautological-compare -Wno-unused-parameter -Wno-unused-value -Wsuggest-attribute=format -Wsuggest-attribute=noreturn -Wunused-variable  -fPIC   -c conftest.c"
In file included from conftest.c:4:
/usr/local/include/ruby-2.6.0/ruby/backward/rubysig.h:14:2: warning: #warning rubysig.h is obsolete [-Wcpp]
 #warning rubysig.h is obsolete
  ^~~~~~~
conftest.c: In function 't':
conftest.c:17:55: error: 'rb_trap_immediate' undeclared (first use in this function); did you mean 'rb_trap_exit'?
 int t(void) { const volatile void *volatile p; p = &(&rb_trap_immediate)[0]; return !p; }
                                                       ^~~~~~~~~~~~~~~~~
                                                       rb_trap_exit
conftest.c:17:55: note: each undeclared identifier is reported only once for each function it appears in
conftest.c: At top level:
cc1: warning: unrecognized command line option '-Wno-self-assign'
cc1: warning: unrecognized command line option '-Wno-parentheses-equality'
cc1: warning: unrecognized command line option '-Wno-constant-logical-operand'
checked program was:
/* begin */
 1: #include "ruby.h"
 2: 
 3: #include <ruby.h>
 4: #include <rubysig.h>
 5: 
 6: /*top*/
 7: extern int t(void);
 8: int main(int argc, char **argv)
 9: {
10:   if (argc > 1000000) {
11:     int (* volatile tp)(void)=(int (*)(void))&t;
12:     printf("%d", (*tp)());
13:   }
14: 
15:   return 0;
16: }
17: int t(void) { const volatile void *volatile p; p = &(&rb_trap_immediate)[0]; return !p; }
/* end */

--------------------

